<?xml version="1.0" encoding="UTF-8"?>
<testsuite xmlns:xsi="http://www.w3.org/2001/XMLSchema-instance" xsi:noNamespaceSchemaLocation="https://maven.apache.org/surefire/maven-surefire-plugin/xsd/surefire-test-report-3.0.xsd" version="3.0" name="com.videojuego.demo.DemoApplicationTests" time="16.332" tests="1" errors="0" skipped="0" failures="0">
  <properties>
[...]
</properties>
  <testcase name="contextLoads" classname="com.videojuego.demo.DemoApplicationTests" time="1.007">
    <system-out><![CDATA[15:39:38.474 [main] INFO org.springframework.test.context.support.AnnotationConfigContextLoaderUtils -- Could not detect default configuration classes for test class [com.videojuego.demo.DemoApplicationTests]: DemoApplicationTests does not declare any static, non-private, non-final, nested classes annotated with @Configuration.
15:39:38.777 [main] INFO org.springframework.boot.test.context.SpringBootTestContextBootstrapper -- Found @SpringBootConfiguration com.videojuego.demo.DemoApplication for test class com.videojuego.demo.DemoApplicationTests

  .   ____          _            __ _ _
 /\\ / ___'_ __ _ _(_)_ __  __ _ \ \ \ \
( ( )\___ | '_ | '_| | '_ \/ _` | \ \ \ \
 \\/  ___)| |_)| | | | | || (_| |  ) ) ) )
  '  |____| .__|_| |_|_| |_\__, | / / / /
 =========|_|==============|___/=/_/_/_/

 :: Spring Boot ::                (v3.3.4)

2024-11-04T15:39:39.929-03:00  INFO 10688 --- [demo] [           main] c.videojuego.demo.DemoApplicationTests   : Starting DemoApplicationTests using Java 21.0.3 with PID 10688 (started by spaul in C:\Users\spaul\OneDrive\Documentos\Otros\6to semestre (3ro)\Ingeniería del Software 2\2 TiendaVideojuegos\demo)
2024-11-04T15:39:39.932-03:00  INFO 10688 --- [demo] [           main] c.videojuego.demo.DemoApplicationTests   : No active profile set, falling back to 1 default profile: "default"
2024-11-04T15:39:42.102-03:00  INFO 10688 --- [demo] [           main] .s.d.r.c.RepositoryConfigurationDelegate : Bootstrapping Spring Data JPA repositories in DEFAULT mode.
2024-11-04T15:39:42.280-03:00  INFO 10688 --- [demo] [           main] .s.d.r.c.RepositoryConfigurationDelegate : Finished Spring Data repository scanning in 149 ms. Found 3 JPA repository interfaces.
2024-11-04T15:39:43.355-03:00  INFO 10688 --- [demo] [           main] o.hibernate.jpa.internal.util.LogHelper  : HHH000204: Processing PersistenceUnitInfo [name: default]
2024-11-04T15:39:43.505-03:00  INFO 10688 --- [demo] [           main] org.hibernate.Version                    : HHH000412: Hibernate ORM core version 6.5.3.Final
2024-11-04T15:39:43.588-03:00  INFO 10688 --- [demo] [           main] o.h.c.internal.RegionFactoryInitiator    : HHH000026: Second-level cache disabled
2024-11-04T15:39:44.538-03:00  INFO 10688 --- [demo] [           main] o.s.o.j.p.SpringPersistenceUnitInfo      : No LoadTimeWeaver setup: ignoring JPA class transformer
2024-11-04T15:39:44.652-03:00  INFO 10688 --- [demo] [           main] com.zaxxer.hikari.HikariDataSource       : HikariPool-1 - Starting...
2024-11-04T15:39:45.886-03:00  INFO 10688 --- [demo] [           main] com.zaxxer.hikari.pool.HikariPool        : HikariPool-1 - Added connection com.mysql.cj.jdbc.ConnectionImpl@6a4a2090
2024-11-04T15:39:45.896-03:00  INFO 10688 --- [demo] [           main] com.zaxxer.hikari.HikariDataSource       : HikariPool-1 - Start completed.
2024-11-04T15:39:46.139-03:00  WARN 10688 --- [demo] [           main] org.hibernate.orm.deprecation            : HHH90000025: MySQLDialect does not need to be specified explicitly using 'hibernate.dialect' (remove the property setting and it will be selected by default)
2024-11-04T15:39:48.983-03:00  INFO 10688 --- [demo] [           main] o.h.e.t.j.p.i.JtaPlatformInitiator       : HHH000489: No JTA platform available (set 'hibernate.transaction.jta.platform' to enable JTA platform integration)
Hibernate: create table categorias (id bigint not null auto_increment, activo bit not null, nombre varchar(255) not null, primary key (id)) engine=InnoDB
Hibernate: create table estudios (id bigint not null auto_increment, activo bit not null, nombre varchar(255) not null, primary key (id)) engine=InnoDB
Hibernate: create table videojuegos (id bigint not null auto_increment, activo bit not null, descripcion varchar(1000), fecha_lanzamiento datetime(6), imagen text, precio float(23) not null check (precio>=5), stock integer not null check (stock>=0), titulo varchar(255) not null, fk_categoria bigint not null, fk_estudio bigint not null, primary key (id)) engine=InnoDB
Hibernate: alter table videojuegos add constraint FK54ev8cdsfhbdfxufd9wc8g23x foreign key (fk_categoria) references categorias (id)
Hibernate: alter table videojuegos add constraint FKev9v8m1hnvqlpne73pgko027c foreign key (fk_estudio) references estudios (id)
2024-11-04T15:39:50.067-03:00  INFO 10688 --- [demo] [           main] j.LocalContainerEntityManagerFactoryBean : Initialized JPA EntityManagerFactory for persistence unit 'default'
2024-11-04T15:39:50.968-03:00  INFO 10688 --- [demo] [           main] o.s.d.j.r.query.QueryEnhancerFactory     : Hibernate is in classpath; If applicable, HQL parser will be used.
2024-11-04T15:39:51.780-03:00  WARN 10688 --- [demo] [           main] JpaBaseConfiguration$JpaWebConfiguration : spring.jpa.open-in-view is enabled by default. Therefore, database queries may be performed during view rendering. Explicitly configure spring.jpa.open-in-view to disable this warning
2024-11-04T15:39:53.171-03:00  INFO 10688 --- [demo] [           main] c.videojuego.demo.DemoApplicationTests   : Started DemoApplicationTests in 13.977 seconds (process running for 17.316)
Running
]]></system-out>
    <system-err><![CDATA[WARNING: A Java agent has been loaded dynamically (C:\Users\spaul\.m2\repository\net\bytebuddy\byte-buddy-agent\1.14.19\byte-buddy-agent-1.14.19.jar)
WARNING: If a serviceability tool is in use, please run with -XX:+EnableDynamicAgentLoading to hide this warning
WARNING: If a serviceability tool is not in use, please run with -Djdk.instrument.traceUsage for more information
WARNING: Dynamic loading of agents will be disallowed by default in a future release
]]></system-err>
  </testcase>
</testsuite>